[main 3e84854] Auto commit on 2025-03-27 06:01:01
 1 file changed, 0 insertions(+), 0 deletions(-)
 create mode 100644 auto_aw2.log
remote: Repository not found.
fatal: repository 'https://github.com/Nixk01/AWS-tst.git/' not found
[main fb7b8d7] Auto commit on 2025-03-27 06:02:01
 1 file changed, 5 insertions(+)
remote: Repository not found.
fatal: repository 'https://github.com/Nixk01/AWS-tst.git/' not found
[main 5f57e48] Auto commit on 2025-03-27 06:03:01
 1 file changed, 4 insertions(+)
remote: Repository not found.
fatal: repository 'https://github.com/Nixk01/AWS-tst.git/' not found
[main 51227ca] Auto commit on 2025-03-27 06:04:01
 1 file changed, 4 insertions(+)
remote: Repository not found.
fatal: repository 'https://github.com/Nixk01/AWS-tst.git/' not found
[main 8b59b9f] Auto commit on 2025-03-27 06:05:01
 4 files changed, 4 insertions(+)
 create mode 100644 a
 create mode 100644 a.txt
 create mode 100644 aaa
remote: Repository not found.
fatal: repository 'https://github.com/Nixk01/AWS-tst.git/' not found
[main 7632da8] Auto commit on 2025-03-27 06:06:01
 3 files changed, 8 insertions(+)
 delete mode 100644 a
remote: Repository not found.
fatal: repository 'https://github.com/Nixk01/AWS-tst.git/' not found
[main ed84879] Auto commit on 2025-03-27 06:07:01
 1 file changed, 5 insertions(+)
remote: Repository not found.
fatal: repository 'https://github.com/Nixk01/AWS-tst.git/' not found
[main 964f4e5] Auto commit on 2025-03-27 06:08:01
 1 file changed, 4 insertions(+)
remote: Repository not found.
fatal: repository 'https://github.com/Nixk01/AWS-tst.git/' not found
[main 05b2375] Auto commit on 2025-03-27 06:09:01
 1 file changed, 4 insertions(+)
To https://github.com/Nixk01/AWS-ETC-Answer
 ! [rejected]        main -> main (fetch first)
error: failed to push some refs to 'https://github.com/Nixk01/AWS-ETC-Answer'
hint: Updates were rejected because the remote contains work that you do not
hint: have locally. This is usually caused by another repository pushing to
hint: the same ref. If you want to integrate the remote changes, use
hint: 'git pull' before pushing again.
hint: See the 'Note about fast-forwards' in 'git push --help' for details.
[main b333fd8] Auto commit on 2025-03-27 06:10:01
 2 files changed, 11 insertions(+), 1 deletion(-)
To https://github.com/Nixk01/AWS-ETC-Answer
 + a4fb222...b333fd8 main -> main (forced update)
[main 53a10bf] Auto commit on 2025-03-27 06:11:01
 1 file changed, 4 insertions(+)
To https://github.com/Nixk01/AWS-ETC-Answer
   b333fd8..53a10bf  main -> main
[main 093464f] Auto commit on 2025-03-27 06:12:01
 3 files changed, 4 insertions(+), 1 deletion(-)
 delete mode 100644 a.txt
 delete mode 100644 aaa
To https://github.com/Nixk01/AWS-ETC-Answer
   53a10bf..093464f  main -> main
